{
  "0 debug pnpm:scope": {
    "selected": 4,
    "total": 4,
    "workspacePrefix": "D:\\kitty-ui"
  },
  "1 debug pnpm:package-manifest": {
    "initial": {
      "name": "examples",
      "version": "1.0.0",
      "description": "",
      "main": "index.js",
      "scripts": {
        "dev": "vite"
      },
      "keywords": [],
      "author": "",
      "license": "ISC", 1
      "dependencies": {
        "kitty-ui": "workspace:^1.0.12"
      }
    },
    "prefix": "D:\\kitty-ui\\examples"
  },
  "2 debug pnpm:package-manifest": {
    "initial": {
      "name": "kitty-ui",
      "version": "1.0.1",
      "main": "lib/index.js",
      "module": "es/index.js",
      "scripts": {
        "build": "vite build"
      },
      "files": [
        "es",
        "lib"
      ],
      "keywords": [
        "kitty-ui",
        "vue3组件库"
      ],
      "author": "小月",
      "license": "MIT",
      "description": "",
      "typings": "lib/index.d.ts"
    },
    "prefix": "D:\\kitty-ui\\packages\\components"
  },
  "3 debug pnpm:package-manifest": {
    "initial": {
      "name": "@kitty-ui/utils",
      "version": "1.0.9",
      "description": "",
      "main": "index.ts",
      "scripts": {
        "build": "node build/index.js"
      },
      "keywords": [],
      "author": "",
      "license": "MIT"
    },
    "prefix": "D:\\kitty-ui\\packages\\utils"
  },
  "4 debug pnpm:package-manifest": {
    "initial": {
      "name": "kittyui",
      "version": "1.0.0",
      "description": "",
      "main": "index.js",
      "scripts": {
        "build": "node script/build.js"
      },
      "keywords": [],
      "author": "",
      "license": "ISC",
      "devDependencies": {
        "@vitejs/plugin-vue": "^2.3.3",
        "@vue/compiler-sfc": "^3.2.37",
        "less": "^4.1.3",
        "typescript": "^4.7.4",
        "vite": "^2.9.12",
        "vite-plugin-dts": "^1.2.1",
        "vite-plugin-libcss": "^1.0.5",
        "vue": "^3.2.36"
      }
    },
    "prefix": "D:\\kitty-ui"
  },
  "5 debug pnpm:context": {
    "currentLockfileExists": false,
    "storeDir": "D:\\.pnpm-store\\v3",
    "virtualStoreDir": "D:\\kitty-ui\\node_modules\\.pnpm"
  },
  "6 debug pnpm:stage": {
    "prefix": "D:\\kitty-ui",
    "stage": "resolution_started"
  },
  "7 debug pnpm:_dependency_resolved": {
    "resolution": "registry.npmjs.org/@vitejs/plugin-vue/2.3.3",
    "wanted": {
      "dependentId": ".",
      "name": "@vitejs/plugin-vue",
      "rawSpec": "^2.3.3"
    }
  },
  "8 debug pnpm:_dependency_resolved": {
    "resolution": "registry.npmjs.org/@vue/compiler-sfc/3.2.37",
    "wanted": {
      "dependentId": ".",
      "name": "@vue/compiler-sfc",
      "rawSpec": "^3.2.37"
    }
  },
  "9 debug pnpm:_dependency_resolved": {
    "resolution": "registry.npmjs.org/less/4.1.3",
    "wanted": {
      "dependentId": ".",
      "name": "less",
      "rawSpec": "^4.1.3"
    }
  },
  "10 debug pnpm:_dependency_resolved": {
    "resolution": "registry.npmjs.org/typescript/4.7.4",
    "wanted": {
      "dependentId": ".",
      "name": "typescript",
      "rawSpec": "^4.7.4"
    }
  },
  "11 debug pnpm:_dependency_resolved": {
    "resolution": "registry.npmjs.org/vite/2.9.12",
    "wanted": {
      "dependentId": ".",
      "name": "vite",
      "rawSpec": "^2.9.12"
    }
  },
  "12 debug pnpm:_dependency_resolved": {
    "resolution": "registry.npmjs.org/vite-plugin-dts/1.2.1",
    "wanted": {
      "dependentId": ".",
      "name": "vite-plugin-dts",
      "rawSpec": "^1.2.1"
    }
  },
  "13 debug pnpm:_dependency_resolved": {
    "resolution": "registry.npmjs.org/vite-plugin-libcss/1.0.5",
    "wanted": {
      "dependentId": ".",
      "name": "vite-plugin-libcss",
      "rawSpec": "^1.0.5"
    }
  },
  "14 debug pnpm:_dependency_resolved": {
    "resolution": "registry.npmjs.org/vue/3.2.37",
    "wanted": {
      "dependentId": ".",
      "name": "vue",
      "rawSpec": "^3.2.36"
    }
  },
  "15 error pnpm": {
    "code": "ERR_PNPM_NO_MATCHING_VERSION_INSIDE_WORKSPACE",
    "pkgsStack": [],
    "err": {
      "name": "pnpm",
      "message": "In examples: No matching version found for kitty-ui@^1.0.12 inside the workspace",
      "code": "ERR_PNPM_NO_MATCHING_VERSION_INSIDE_WORKSPACE",
      "stack": "pnpm: In examples: No matching version found for kitty-ui@^1.0.12 inside the workspace\n    at tryResolveFromWorkspace (C:\\Users\\didi\\AppData\\Roaming\\nvm\\v16.15.1\\node_modules\\pnpm\\dist\\pnpm.cjs:85745:15)\n    at resolveNpm (C:\\Users\\didi\\AppData\\Roaming\\nvm\\v16.15.1\\node_modules\\pnpm\\dist\\pnpm.cjs:85637:39)\n    at Object.resolve (C:\\Users\\didi\\AppData\\Roaming\\nvm\\v16.15.1\\node_modules\\pnpm\\dist\\pnpm.cjs:85867:34)\n    at ctx.requestsQueue.add.priority (C:\\Users\\didi\\AppData\\Roaming\\nvm\\v16.15.1\\node_modules\\pnpm\\dist\\pnpm.cjs:93031:75)\n    at run (C:\\Users\\didi\\AppData\\Roaming\\nvm\\v16.15.1\\node_modules\\pnpm\\dist\\pnpm.cjs:92792:90)\n    at PQueue._tryToStartAnother (C:\\Users\\didi\\AppData\\Roaming\\nvm\\v16.15.1\\node_modules\\pnpm\\dist\\pnpm.cjs:92746:13)\n    at C:\\Users\\didi\\AppData\\Roaming\\nvm\\v16.15.1\\node_modules\\pnpm\\dist\\pnpm.cjs:92805:16\n    at new Promise (<anonymous>)\n    at PQueue.add (C:\\Users\\didi\\AppData\\Roaming\\nvm\\v16.15.1\\node_modules\\pnpm\\dist\\pnpm.cjs:92787:16)\n    at resolveAndFetch (C:\\Users\\didi\\AppData\\Roaming\\nvm\\v16.15.1\\node_modules\\pnpm\\dist\\pnpm.cjs:93031:55)"
    }
  }
}