{
  "0 debug pnpm:scope": {
    "selected": 1,
    "workspacePrefix": "F:\\Kitty\\kittyui"
  },
  "1 error pnpm": {
    "errno": 1,
    "code": "ELIFECYCLE",
    "pkgid": "kitty-ui@2.0.2",
    "stage": "build:less",
    "script": "esno build/buildLess",
    "pkgname": "kitty-ui",
    "err": {
      "name": "pnpm",
      "message": "kitty-ui@2.0.2 build:less: `esno build/buildLess`\nExit status 1",
      "code": "ELIFECYCLE",
      "stack": "pnpm: kitty-ui@2.0.2 build:less: `esno build/buildLess`\nExit status 1\n    at EventEmitter.<anonymous> (D:\\nvm\\nvm\\v16.11.0\\node_modules\\pnpm\\dist\\pnpm.cjs:108610:20)\n    at EventEmitter.emit (node:events:390:28)\n    at ChildProcess.<anonymous> (D:\\nvm\\nvm\\v16.11.0\\node_modules\\pnpm\\dist\\pnpm.cjs:95176:18)\n    at ChildProcess.emit (node:events:390:28)\n    at maybeClose (node:internal/child_process:1064:16)\n    at Process.ChildProcess._handle.onexit (node:internal/child_process:301:5)"
    }
  },
  "2 warn pnpm:global": " Local package.json exists, but node_modules missing, did you mean to install?"
}